<?xml version="1.0" encoding="UTF-8"?>
<testng-results ignored="0" total="1" passed="1" failed="0" skipped="0">
  <reporter-output>
  </reporter-output>
  <suite started-at="2022-08-02T11:54:31 IST" name="Default suite" finished-at="2022-08-02T11:55:00 IST" duration-ms="28133">
    <groups>
    </groups>
    <test started-at="2022-08-02T11:54:31 IST" name="Default test" finished-at="2022-08-02T11:55:00 IST" duration-ms="28133">
      <class name="Pac_facebook.FB_join">
        <test-method signature="runFacebook()[pri:0, instance:Pac_facebook.FB_join@27f981c6]" started-at="2022-08-02T11:54:31 IST" name="runFacebook" finished-at="2022-08-02T11:55:00 IST" duration-ms="28038" status="PASS">
          <reporter-output>
          </reporter-output>
        </test-method> <!-- runFacebook -->
      </class> <!-- Pac_facebook.FB_join -->
    </test> <!-- Default test -->
  </suite> <!-- Default suite -->
</testng-results>
